\BOOKMARK [0][-]{chapter.1}{\376\377\0001\000\040\000C\000l\000a\000s\000s\000\040\000I\000n\000d\000e\000x}{}% 1
\BOOKMARK [1][-]{section.1.1}{\376\377\0001\000.\0001\000\040\000C\000l\000a\000s\000s\000\040\000L\000i\000s\000t}{chapter.1}% 2
\BOOKMARK [0][-]{chapter.2}{\376\377\0002\000\040\000F\000i\000l\000e\000\040\000I\000n\000d\000e\000x}{}% 3
\BOOKMARK [1][-]{section.2.1}{\376\377\0002\000.\0001\000\040\000F\000i\000l\000e\000\040\000L\000i\000s\000t}{chapter.2}% 4
\BOOKMARK [0][-]{chapter.3}{\376\377\0003\000\040\000C\000l\000a\000s\000s\000\040\000D\000o\000c\000u\000m\000e\000n\000t\000a\000t\000i\000o\000n}{}% 5
\BOOKMARK [1][-]{section.3.1}{\376\377\0003\000.\0001\000\040\000C\000a\000m\000e\000r\000a\000\040\000C\000l\000a\000s\000s\000\040\000R\000e\000f\000e\000r\000e\000n\000c\000e}{chapter.3}% 6
\BOOKMARK [2][-]{subsection.3.1.1}{\376\377\0003\000.\0001\000.\0001\000\040\000C\000o\000n\000s\000t\000r\000u\000c\000t\000o\000r\000\040\000\046\000\040\000D\000e\000s\000t\000r\000u\000c\000t\000o\000r\000\040\000D\000o\000c\000u\000m\000e\000n\000t\000a\000t\000i\000o\000n}{section.3.1}% 7
\BOOKMARK [3][-]{subsubsection.3.1.1.1}{\376\377\0003\000.\0001\000.\0001\000.\0001\000\040\000C\000a\000m\000e\000r\000a\000\050\000\051\000\040\000[\0001\000/\0002\000]}{subsection.3.1.1}% 8
\BOOKMARK [3][-]{subsubsection.3.1.1.2}{\376\377\0003\000.\0001\000.\0001\000.\0002\000\040\000C\000a\000m\000e\000r\000a\000\050\000\051\000\040\000[\0002\000/\0002\000]}{subsection.3.1.1}% 9
\BOOKMARK [3][-]{subsubsection.3.1.1.3}{\376\377\0003\000.\0001\000.\0001\000.\0003\000\040\000\040\000C\000a\000m\000e\000r\000a\000\050\000\051}{subsection.3.1.1}% 10
\BOOKMARK [2][-]{subsection.3.1.2}{\376\377\0003\000.\0001\000.\0002\000\040\000M\000e\000m\000b\000e\000r\000\040\000F\000u\000n\000c\000t\000i\000o\000n\000\040\000D\000o\000c\000u\000m\000e\000n\000t\000a\000t\000i\000o\000n}{section.3.1}% 11
\BOOKMARK [3][-]{subsubsection.3.1.2.1}{\376\377\0003\000.\0001\000.\0002\000.\0001\000\040\000g\000e\000t\000F\000o\000r\000w\000a\000r\000d\000\050\000\051}{subsection.3.1.2}% 12
\BOOKMARK [3][-]{subsubsection.3.1.2.2}{\376\377\0003\000.\0001\000.\0002\000.\0002\000\040\000g\000e\000t\000F\000o\000v\000\050\000\051}{subsection.3.1.2}% 13
\BOOKMARK [3][-]{subsubsection.3.1.2.3}{\376\377\0003\000.\0001\000.\0002\000.\0003\000\040\000g\000e\000t\000P\000e\000r\000s\000p\000e\000c\000t\000i\000v\000e\000M\000a\000t\000r\000i\000x\000\050\000\051}{subsection.3.1.2}% 14
\BOOKMARK [3][-]{subsubsection.3.1.2.4}{\376\377\0003\000.\0001\000.\0002\000.\0004\000\040\000g\000e\000t\000P\000o\000s\000i\000t\000i\000o\000n\000\050\000\051}{subsection.3.1.2}% 15
\BOOKMARK [3][-]{subsubsection.3.1.2.5}{\376\377\0003\000.\0001\000.\0002\000.\0005\000\040\000g\000e\000t\000S\000i\000d\000e\000\050\000\051}{subsection.3.1.2}% 16
\BOOKMARK [3][-]{subsubsection.3.1.2.6}{\376\377\0003\000.\0001\000.\0002\000.\0006\000\040\000g\000e\000t\000U\000p\000\050\000\051}{subsection.3.1.2}% 17
\BOOKMARK [3][-]{subsubsection.3.1.2.7}{\376\377\0003\000.\0001\000.\0002\000.\0007\000\040\000g\000e\000t\000V\000i\000e\000w\000M\000a\000t\000r\000i\000x\000\050\000\051}{subsection.3.1.2}% 18
\BOOKMARK [3][-]{subsubsection.3.1.2.8}{\376\377\0003\000.\0001\000.\0002\000.\0008\000\040\000i\000n\000c\000l\000i\000n\000e\000\050\000\051}{subsection.3.1.2}% 19
\BOOKMARK [3][-]{subsubsection.3.1.2.9}{\376\377\0003\000.\0001\000.\0002\000.\0009\000\040\000m\000o\000v\000e\000\050\000\051}{subsection.3.1.2}% 20
\BOOKMARK [3][-]{subsubsection.3.1.2.10}{\376\377\0003\000.\0001\000.\0002\000.\0001\0000\000\040\000r\000e\000s\000e\000t\000C\000a\000m\000e\000r\000a\000\050\000\051}{subsection.3.1.2}% 21
\BOOKMARK [3][-]{subsubsection.3.1.2.11}{\376\377\0003\000.\0001\000.\0002\000.\0001\0001\000\040\000r\000e\000s\000e\000t\000V\000i\000e\000w\000\050\000\051}{subsection.3.1.2}% 22
\BOOKMARK [3][-]{subsubsection.3.1.2.12}{\376\377\0003\000.\0001\000.\0002\000.\0001\0002\000\040\000s\000e\000t\000L\000o\000o\000k\000D\000i\000r\000e\000c\000t\000i\000o\000n\000\050\000\051}{subsection.3.1.2}% 23
\BOOKMARK [3][-]{subsubsection.3.1.2.13}{\376\377\0003\000.\0001\000.\0002\000.\0001\0003\000\040\000s\000e\000t\000P\000o\000s\000i\000t\000i\000o\000n\000\050\000\051}{subsection.3.1.2}% 24
\BOOKMARK [3][-]{subsubsection.3.1.2.14}{\376\377\0003\000.\0001\000.\0002\000.\0001\0004\000\040\000t\000u\000r\000n\000H\000\050\000\051}{subsection.3.1.2}% 25
\BOOKMARK [3][-]{subsubsection.3.1.2.15}{\376\377\0003\000.\0001\000.\0002\000.\0001\0005\000\040\000t\000u\000r\000n\000V\000\050\000\051}{subsection.3.1.2}% 26
\BOOKMARK [2][-]{subsection.3.1.3}{\376\377\0003\000.\0001\000.\0003\000\040\000M\000e\000m\000b\000e\000r\000\040\000D\000a\000t\000a\000\040\000D\000o\000c\000u\000m\000e\000n\000t\000a\000t\000i\000o\000n}{section.3.1}% 27
\BOOKMARK [3][-]{subsubsection.3.1.3.1}{\376\377\0003\000.\0001\000.\0003\000.\0001\000\040\000f\000o\000r\000w\000a\000r\000d}{subsection.3.1.3}% 28
\BOOKMARK [3][-]{subsubsection.3.1.3.2}{\376\377\0003\000.\0001\000.\0003\000.\0002\000\040\000f\000o\000v}{subsection.3.1.3}% 29
\BOOKMARK [3][-]{subsubsection.3.1.3.3}{\376\377\0003\000.\0001\000.\0003\000.\0003\000\040\000h\000e\000i\000g\000h\000t}{subsection.3.1.3}% 30
\BOOKMARK [3][-]{subsubsection.3.1.3.4}{\376\377\0003\000.\0001\000.\0003\000.\0004\000\040\000o\000r\000i\000g\000\137\000f\000o\000r\000w\000a\000r\000d}{subsection.3.1.3}% 31
\BOOKMARK [3][-]{subsubsection.3.1.3.5}{\376\377\0003\000.\0001\000.\0003\000.\0005\000\040\000o\000r\000i\000g\000\137\000p\000o\000s\000i\000t\000i\000o\000n}{subsection.3.1.3}% 32
\BOOKMARK [3][-]{subsubsection.3.1.3.6}{\376\377\0003\000.\0001\000.\0003\000.\0006\000\040\000o\000r\000i\000g\000\137\000s\000i\000d\000e}{subsection.3.1.3}% 33
\BOOKMARK [3][-]{subsubsection.3.1.3.7}{\376\377\0003\000.\0001\000.\0003\000.\0007\000\040\000o\000r\000i\000g\000\137\000u\000p}{subsection.3.1.3}% 34
\BOOKMARK [3][-]{subsubsection.3.1.3.8}{\376\377\0003\000.\0001\000.\0003\000.\0008\000\040\000p\000o\000s\000i\000t\000i\000o\000n}{subsection.3.1.3}% 35
\BOOKMARK [3][-]{subsubsection.3.1.3.9}{\376\377\0003\000.\0001\000.\0003\000.\0009\000\040\000s\000i\000d\000e}{subsection.3.1.3}% 36
\BOOKMARK [3][-]{subsubsection.3.1.3.10}{\376\377\0003\000.\0001\000.\0003\000.\0001\0000\000\040\000u\000p}{subsection.3.1.3}% 37
\BOOKMARK [3][-]{subsubsection.3.1.3.11}{\376\377\0003\000.\0001\000.\0003\000.\0001\0001\000\040\000w\000i\000d\000t\000h}{subsection.3.1.3}% 38
\BOOKMARK [3][-]{subsubsection.3.1.3.12}{\376\377\0003\000.\0001\000.\0003\000.\0001\0002\000\040\000z\000F\000a\000r}{subsection.3.1.3}% 39
\BOOKMARK [3][-]{subsubsection.3.1.3.13}{\376\377\0003\000.\0001\000.\0003\000.\0001\0003\000\040\000z\000N\000e\000a\000r}{subsection.3.1.3}% 40
\BOOKMARK [1][-]{section.3.2}{\376\377\0003\000.\0002\000\040\000C\000h\000u\000n\000k\000\040\000C\000l\000a\000s\000s\000\040\000R\000e\000f\000e\000r\000e\000n\000c\000e}{chapter.3}% 41
\BOOKMARK [2][-]{subsection.3.2.1}{\376\377\0003\000.\0002\000.\0001\000\040\000C\000o\000n\000s\000t\000r\000u\000c\000t\000o\000r\000\040\000\046\000\040\000D\000e\000s\000t\000r\000u\000c\000t\000o\000r\000\040\000D\000o\000c\000u\000m\000e\000n\000t\000a\000t\000i\000o\000n}{section.3.2}% 42
\BOOKMARK [3][-]{subsubsection.3.2.1.1}{\376\377\0003\000.\0002\000.\0001\000.\0001\000\040\000C\000h\000u\000n\000k\000\050\000\051\000\040\000[\0001\000/\0003\000]}{subsection.3.2.1}% 43
\BOOKMARK [3][-]{subsubsection.3.2.1.2}{\376\377\0003\000.\0002\000.\0001\000.\0002\000\040\000C\000h\000u\000n\000k\000\050\000\051\000\040\000[\0002\000/\0003\000]}{subsection.3.2.1}% 44
\BOOKMARK [3][-]{subsubsection.3.2.1.3}{\376\377\0003\000.\0002\000.\0001\000.\0003\000\040\000C\000h\000u\000n\000k\000\050\000\051\000\040\000[\0003\000/\0003\000]}{subsection.3.2.1}% 45
\BOOKMARK [3][-]{subsubsection.3.2.1.4}{\376\377\0003\000.\0002\000.\0001\000.\0004\000\040\000\040\000C\000h\000u\000n\000k\000\050\000\051}{subsection.3.2.1}% 46
\BOOKMARK [2][-]{subsection.3.2.2}{\376\377\0003\000.\0002\000.\0002\000\040\000M\000e\000m\000b\000e\000r\000\040\000F\000u\000n\000c\000t\000i\000o\000n\000\040\000D\000o\000c\000u\000m\000e\000n\000t\000a\000t\000i\000o\000n}{section.3.2}% 47
\BOOKMARK [3][-]{subsubsection.3.2.2.1}{\376\377\0003\000.\0002\000.\0002\000.\0001\000\040\000c\000h\000e\000c\000k\000\137\000n\000e\000i\000g\000h\000b\000o\000u\000r\000\050\000\051}{subsection.3.2.2}% 48
\BOOKMARK [3][-]{subsubsection.3.2.2.2}{\376\377\0003\000.\0002\000.\0002\000.\0002\000\040\000c\000r\000e\000a\000t\000e\000\137\000c\000u\000b\000e\000s\000\050\000\051}{subsection.3.2.2}% 49
\BOOKMARK [3][-]{subsubsection.3.2.2.3}{\376\377\0003\000.\0002\000.\0002\000.\0003\000\040\000o\000p\000e\000r\000a\000t\000o\000r\000\050\000\051\000\050\000\051}{subsection.3.2.2}% 50
\BOOKMARK [3][-]{subsubsection.3.2.2.4}{\376\377\0003\000.\0002\000.\0002\000.\0004\000\040\000s\000e\000n\000d\000\137\000r\000e\000n\000d\000e\000r\000\137\000d\000a\000t\000a\000\050\000\051}{subsection.3.2.2}% 51
\BOOKMARK [3][-]{subsubsection.3.2.2.5}{\376\377\0003\000.\0002\000.\0002\000.\0005\000\040\000u\000p\000d\000a\000t\000e\000\050\000\051}{subsection.3.2.2}% 52
\BOOKMARK [3][-]{subsubsection.3.2.2.6}{\376\377\0003\000.\0002\000.\0002\000.\0006\000\040\000u\000p\000d\000a\000t\000e\000\137\000v\000i\000s\000i\000b\000l\000e\000\137\000f\000a\000c\000e\000s\000\050\000\051}{subsection.3.2.2}% 53
\BOOKMARK [2][-]{subsection.3.2.3}{\376\377\0003\000.\0002\000.\0003\000\040\000M\000e\000m\000b\000e\000r\000\040\000D\000a\000t\000a\000\040\000D\000o\000c\000u\000m\000e\000n\000t\000a\000t\000i\000o\000n}{section.3.2}% 54
\BOOKMARK [3][-]{subsubsection.3.2.3.1}{\376\377\0003\000.\0002\000.\0003\000.\0001\000\040\000c\000h\000u\000n\000k\000\137\000c\000u\000b\000e\000s}{subsection.3.2.3}% 55
\BOOKMARK [3][-]{subsubsection.3.2.3.2}{\376\377\0003\000.\0002\000.\0003\000.\0002\000\040\000c\000u\000b\000e\000s\000\137\000i\000n\000f\000o}{subsection.3.2.3}% 56
\BOOKMARK [3][-]{subsubsection.3.2.3.3}{\376\377\0003\000.\0002\000.\0003\000.\0003\000\040\000p\000o\000s\000i\000t\000i\000o\000n}{subsection.3.2.3}% 57
\BOOKMARK [3][-]{subsubsection.3.2.3.4}{\376\377\0003\000.\0002\000.\0003\000.\0004\000\040\000r\000e\000n\000d\000e\000r\000\137\000d\000a\000t\000a}{subsection.3.2.3}% 58
\BOOKMARK [3][-]{subsubsection.3.2.3.5}{\376\377\0003\000.\0002\000.\0003\000.\0005\000\040\000w\000o\000r\000l\000d}{subsection.3.2.3}% 59
\BOOKMARK [1][-]{section.3.3}{\376\377\0003\000.\0003\000\040\000C\000h\000u\000n\000k\000\137\000H\000o\000l\000d\000e\000r\000\040\000C\000l\000a\000s\000s\000\040\000R\000e\000f\000e\000r\000e\000n\000c\000e}{chapter.3}% 60
\BOOKMARK [2][-]{subsection.3.3.1}{\376\377\0003\000.\0003\000.\0001\000\040\000C\000o\000n\000s\000t\000r\000u\000c\000t\000o\000r\000\040\000\046\000\040\000D\000e\000s\000t\000r\000u\000c\000t\000o\000r\000\040\000D\000o\000c\000u\000m\000e\000n\000t\000a\000t\000i\000o\000n}{section.3.3}% 61
\BOOKMARK [3][-]{subsubsection.3.3.1.1}{\376\377\0003\000.\0003\000.\0001\000.\0001\000\040\000C\000h\000u\000n\000k\000\137\000H\000o\000l\000d\000e\000r\000\050\000\051\000\040\000[\0001\000/\0002\000]}{subsection.3.3.1}% 62
\BOOKMARK [3][-]{subsubsection.3.3.1.2}{\376\377\0003\000.\0003\000.\0001\000.\0002\000\040\000C\000h\000u\000n\000k\000\137\000H\000o\000l\000d\000e\000r\000\050\000\051\000\040\000[\0002\000/\0002\000]}{subsection.3.3.1}% 63
\BOOKMARK [3][-]{subsubsection.3.3.1.3}{\376\377\0003\000.\0003\000.\0001\000.\0003\000\040\000\040\000C\000h\000u\000n\000k\000\137\000H\000o\000l\000d\000e\000r\000\050\000\051}{subsection.3.3.1}% 64
\BOOKMARK [2][-]{subsection.3.3.2}{\376\377\0003\000.\0003\000.\0002\000\040\000M\000e\000m\000b\000e\000r\000\040\000F\000u\000n\000c\000t\000i\000o\000n\000\040\000D\000o\000c\000u\000m\000e\000n\000t\000a\000t\000i\000o\000n}{section.3.3}% 65
\BOOKMARK [3][-]{subsubsection.3.3.2.1}{\376\377\0003\000.\0003\000.\0002\000.\0001\000\040\000o\000p\000e\000r\000a\000t\000o\000r\000\050\000\051\000\050\000\051}{subsection.3.3.2}% 66
\BOOKMARK [3][-]{subsubsection.3.3.2.2}{\376\377\0003\000.\0003\000.\0002\000.\0002\000\040\000s\000h\000i\000f\000t\000\050\000\051}{subsection.3.3.2}% 67
\BOOKMARK [2][-]{subsection.3.3.3}{\376\377\0003\000.\0003\000.\0003\000\040\000M\000e\000m\000b\000e\000r\000\040\000D\000a\000t\000a\000\040\000D\000o\000c\000u\000m\000e\000n\000t\000a\000t\000i\000o\000n}{section.3.3}% 68
\BOOKMARK [3][-]{subsubsection.3.3.3.1}{\376\377\0003\000.\0003\000.\0003\000.\0001\000\040\000c\000h\000u\000n\000k\000B\000o\000x}{subsection.3.3.3}% 69
\BOOKMARK [3][-]{subsubsection.3.3.3.2}{\376\377\0003\000.\0003\000.\0003\000.\0002\000\040\000w\000o\000r\000l\000d}{subsection.3.3.3}% 70
\BOOKMARK [1][-]{section.3.4}{\376\377\0003\000.\0004\000\040\000c\000i\000r\000A\000r\000r\000a\000y\000<\000\040\000T\000\040\000>\000\040\000C\000l\000a\000s\000s\000\040\000T\000e\000m\000p\000l\000a\000t\000e\000\040\000R\000e\000f\000e\000r\000e\000n\000c\000e}{chapter.3}% 71
\BOOKMARK [2][-]{subsection.3.4.1}{\376\377\0003\000.\0004\000.\0001\000\040\000D\000e\000t\000a\000i\000l\000e\000d\000\040\000D\000e\000s\000c\000r\000i\000p\000t\000i\000o\000n}{section.3.4}% 72
\BOOKMARK [2][-]{subsection.3.4.2}{\376\377\0003\000.\0004\000.\0002\000\040\000C\000o\000n\000s\000t\000r\000u\000c\000t\000o\000r\000\040\000\046\000\040\000D\000e\000s\000t\000r\000u\000c\000t\000o\000r\000\040\000D\000o\000c\000u\000m\000e\000n\000t\000a\000t\000i\000o\000n}{section.3.4}% 73
\BOOKMARK [3][-]{subsubsection.3.4.2.1}{\376\377\0003\000.\0004\000.\0002\000.\0001\000\040\000c\000i\000r\000A\000r\000r\000a\000y\000\050\000\051\000\040\000[\0001\000/\0002\000]}{subsection.3.4.2}% 74
\BOOKMARK [3][-]{subsubsection.3.4.2.2}{\376\377\0003\000.\0004\000.\0002\000.\0002\000\040\000c\000i\000r\000A\000r\000r\000a\000y\000\050\000\051\000\040\000[\0002\000/\0002\000]}{subsection.3.4.2}% 75
\BOOKMARK [2][-]{subsection.3.4.3}{\376\377\0003\000.\0004\000.\0003\000\040\000M\000e\000m\000b\000e\000r\000\040\000F\000u\000n\000c\000t\000i\000o\000n\000\040\000D\000o\000c\000u\000m\000e\000n\000t\000a\000t\000i\000o\000n}{section.3.4}% 76
\BOOKMARK [3][-]{subsubsection.3.4.3.1}{\376\377\0003\000.\0004\000.\0003\000.\0001\000\040\000o\000p\000e\000r\000a\000t\000o\000r\000=\000\050\000\051}{subsection.3.4.3}% 77
\BOOKMARK [3][-]{subsubsection.3.4.3.2}{\376\377\0003\000.\0004\000.\0003\000.\0002\000\040\000o\000p\000e\000r\000a\000t\000o\000r\000[\000]\000\050\000\051}{subsection.3.4.3}% 78
\BOOKMARK [3][-]{subsubsection.3.4.3.3}{\376\377\0003\000.\0004\000.\0003\000.\0003\000\040\000s\000h\000i\000f\000t\000\050\000\051}{subsection.3.4.3}% 79
\BOOKMARK [3][-]{subsubsection.3.4.3.4}{\376\377\0003\000.\0004\000.\0003\000.\0004\000\040\000s\000i\000z\000e\000\050\000\051}{subsection.3.4.3}% 80
\BOOKMARK [2][-]{subsection.3.4.4}{\376\377\0003\000.\0004\000.\0004\000\040\000M\000e\000m\000b\000e\000r\000\040\000D\000a\000t\000a\000\040\000D\000o\000c\000u\000m\000e\000n\000t\000a\000t\000i\000o\000n}{section.3.4}% 81
\BOOKMARK [3][-]{subsubsection.3.4.4.1}{\376\377\0003\000.\0004\000.\0004\000.\0001\000\040\000a\000r\000r\000a\000y}{subsection.3.4.4}% 82
\BOOKMARK [3][-]{subsubsection.3.4.4.2}{\376\377\0003\000.\0004\000.\0004\000.\0002\000\040\000s\000t\000a\000r\000t}{subsection.3.4.4}% 83
\BOOKMARK [1][-]{section.3.5}{\376\377\0003\000.\0005\000\040\000C\000u\000b\000e\000\040\000C\000l\000a\000s\000s\000\040\000R\000e\000f\000e\000r\000e\000n\000c\000e}{chapter.3}% 84
\BOOKMARK [2][-]{subsection.3.5.1}{\376\377\0003\000.\0005\000.\0001\000\040\000C\000o\000n\000s\000t\000r\000u\000c\000t\000o\000r\000\040\000\046\000\040\000D\000e\000s\000t\000r\000u\000c\000t\000o\000r\000\040\000D\000o\000c\000u\000m\000e\000n\000t\000a\000t\000i\000o\000n}{section.3.5}% 85
\BOOKMARK [3][-]{subsubsection.3.5.1.1}{\376\377\0003\000.\0005\000.\0001\000.\0001\000\040\000C\000u\000b\000e\000\050\000\051\000\040\000[\0001\000/\0003\000]}{subsection.3.5.1}% 86
\BOOKMARK [3][-]{subsubsection.3.5.1.2}{\376\377\0003\000.\0005\000.\0001\000.\0002\000\040\000C\000u\000b\000e\000\050\000\051\000\040\000[\0002\000/\0003\000]}{subsection.3.5.1}% 87
\BOOKMARK [3][-]{subsubsection.3.5.1.3}{\376\377\0003\000.\0005\000.\0001\000.\0003\000\040\000C\000u\000b\000e\000\050\000\051\000\040\000[\0003\000/\0003\000]}{subsection.3.5.1}% 88
\BOOKMARK [3][-]{subsubsection.3.5.1.4}{\376\377\0003\000.\0005\000.\0001\000.\0004\000\040\000\040\000C\000u\000b\000e\000\050\000\051}{subsection.3.5.1}% 89
\BOOKMARK [2][-]{subsection.3.5.2}{\376\377\0003\000.\0005\000.\0002\000\040\000M\000e\000m\000b\000e\000r\000\040\000F\000u\000n\000c\000t\000i\000o\000n\000\040\000D\000o\000c\000u\000m\000e\000n\000t\000a\000t\000i\000o\000n}{section.3.5}% 90
\BOOKMARK [3][-]{subsubsection.3.5.2.1}{\376\377\0003\000.\0005\000.\0002\000.\0001\000\040\000c\000l\000e\000a\000n\000u\000p\000\050\000\051}{subsection.3.5.2}% 91
\BOOKMARK [3][-]{subsubsection.3.5.2.2}{\376\377\0003\000.\0005\000.\0002\000.\0002\000\040\000g\000e\000t\000M\000e\000s\000h\000\050\000\051}{subsection.3.5.2}% 92
\BOOKMARK [3][-]{subsubsection.3.5.2.3}{\376\377\0003\000.\0005\000.\0002\000.\0003\000\040\000i\000n\000i\000t\000i\000a\000l\000i\000z\000e\000\050\000\051}{subsection.3.5.2}% 93
\BOOKMARK [3][-]{subsubsection.3.5.2.4}{\376\377\0003\000.\0005\000.\0002\000.\0004\000\040\000u\000p\000d\000a\000t\000e\000\050\000\051}{subsection.3.5.2}% 94
\BOOKMARK [2][-]{subsection.3.5.3}{\376\377\0003\000.\0005\000.\0003\000\040\000M\000e\000m\000b\000e\000r\000\040\000D\000a\000t\000a\000\040\000D\000o\000c\000u\000m\000e\000n\000t\000a\000t\000i\000o\000n}{section.3.5}% 95
\BOOKMARK [3][-]{subsubsection.3.5.3.1}{\376\377\0003\000.\0005\000.\0003\000.\0001\000\040\000c\000u\000b\000e\000\137\000t\000y\000p\000e}{subsection.3.5.3}% 96
\BOOKMARK [3][-]{subsubsection.3.5.3.2}{\376\377\0003\000.\0005\000.\0003\000.\0002\000\040\000m\000e\000s\000h\000e\000s}{subsection.3.5.3}% 97
\BOOKMARK [3][-]{subsubsection.3.5.3.3}{\376\377\0003\000.\0005\000.\0003\000.\0003\000\040\000p\000o\000s\000i\000t\000i\000o\000n}{subsection.3.5.3}% 98
\BOOKMARK [3][-]{subsubsection.3.5.3.4}{\376\377\0003\000.\0005\000.\0003\000.\0004\000\040\000t\000e\000x\000t\000u\000r\000e\000s}{subsection.3.5.3}% 99
\BOOKMARK [3][-]{subsubsection.3.5.3.5}{\376\377\0003\000.\0005\000.\0003\000.\0005\000\040\000t\000r\000a\000n\000s\000p\000a\000r\000e\000n\000t}{subsection.3.5.3}% 100
\BOOKMARK [1][-]{section.3.6}{\376\377\0003\000.\0006\000\040\000L\000i\000g\000h\000t\000\040\000S\000t\000r\000u\000c\000t\000\040\000R\000e\000f\000e\000r\000e\000n\000c\000e}{chapter.3}% 101
\BOOKMARK [2][-]{subsection.3.6.1}{\376\377\0003\000.\0006\000.\0001\000\040\000M\000e\000m\000b\000e\000r\000\040\000D\000a\000t\000a\000\040\000D\000o\000c\000u\000m\000e\000n\000t\000a\000t\000i\000o\000n}{section.3.6}% 102
\BOOKMARK [3][-]{subsubsection.3.6.1.1}{\376\377\0003\000.\0006\000.\0001\000.\0001\000\040\000c\000o\000l\000o\000r}{subsection.3.6.1}% 103
\BOOKMARK [3][-]{subsubsection.3.6.1.2}{\376\377\0003\000.\0006\000.\0001\000.\0002\000\040\000i\000n\000t\000e\000n\000s\000i\000t\000y}{subsection.3.6.1}% 104
\BOOKMARK [3][-]{subsubsection.3.6.1.3}{\376\377\0003\000.\0006\000.\0001\000.\0003\000\040\000p\000o\000s\000i\000t\000i\000o\000n}{subsection.3.6.1}% 105
\BOOKMARK [1][-]{section.3.7}{\376\377\0003\000.\0007\000\040\000M\000e\000s\000h\000\040\000S\000t\000r\000u\000c\000t\000\040\000R\000e\000f\000e\000r\000e\000n\000c\000e}{chapter.3}% 106
\BOOKMARK [2][-]{subsection.3.7.1}{\376\377\0003\000.\0007\000.\0001\000\040\000C\000o\000n\000s\000t\000r\000u\000c\000t\000o\000r\000\040\000\046\000\040\000D\000e\000s\000t\000r\000u\000c\000t\000o\000r\000\040\000D\000o\000c\000u\000m\000e\000n\000t\000a\000t\000i\000o\000n}{section.3.7}% 107
\BOOKMARK [3][-]{subsubsection.3.7.1.1}{\376\377\0003\000.\0007\000.\0001\000.\0001\000\040\000\040\000M\000e\000s\000h\000\050\000\051}{subsection.3.7.1}% 108
\BOOKMARK [2][-]{subsection.3.7.2}{\376\377\0003\000.\0007\000.\0002\000\040\000M\000e\000m\000b\000e\000r\000\040\000D\000a\000t\000a\000\040\000D\000o\000c\000u\000m\000e\000n\000t\000a\000t\000i\000o\000n}{section.3.7}% 109
\BOOKMARK [3][-]{subsubsection.3.7.2.1}{\376\377\0003\000.\0007\000.\0002\000.\0001\000\040\000i\000n\000d\000i\000c\000e\000s}{subsection.3.7.2}% 110
\BOOKMARK [3][-]{subsubsection.3.7.2.2}{\376\377\0003\000.\0007\000.\0002\000.\0002\000\040\000n\000o\000r\000m\000a\000l\000s}{subsection.3.7.2}% 111
\BOOKMARK [3][-]{subsubsection.3.7.2.3}{\376\377\0003\000.\0007\000.\0002\000.\0003\000\040\000u\000v\000s}{subsection.3.7.2}% 112
\BOOKMARK [3][-]{subsubsection.3.7.2.4}{\376\377\0003\000.\0007\000.\0002\000.\0004\000\040\000v\000e\000r\000t\000i\000c\000e\000s}{subsection.3.7.2}% 113
\BOOKMARK [1][-]{section.3.8}{\376\377\0003\000.\0008\000\040\000O\000b\000j\000e\000c\000t\000\137\0003\000D\000\040\000C\000l\000a\000s\000s\000\040\000R\000e\000f\000e\000r\000e\000n\000c\000e}{chapter.3}% 114
\BOOKMARK [2][-]{subsection.3.8.1}{\376\377\0003\000.\0008\000.\0001\000\040\000C\000o\000n\000s\000t\000r\000u\000c\000t\000o\000r\000\040\000\046\000\040\000D\000e\000s\000t\000r\000u\000c\000t\000o\000r\000\040\000D\000o\000c\000u\000m\000e\000n\000t\000a\000t\000i\000o\000n}{section.3.8}% 115
\BOOKMARK [3][-]{subsubsection.3.8.1.1}{\376\377\0003\000.\0008\000.\0001\000.\0001\000\040\000O\000b\000j\000e\000c\000t\000\137\0003\000D\000\050\000\051}{subsection.3.8.1}% 116
\BOOKMARK [2][-]{subsection.3.8.2}{\376\377\0003\000.\0008\000.\0002\000\040\000M\000e\000m\000b\000e\000r\000\040\000F\000u\000n\000c\000t\000i\000o\000n\000\040\000D\000o\000c\000u\000m\000e\000n\000t\000a\000t\000i\000o\000n}{section.3.8}% 117
\BOOKMARK [3][-]{subsubsection.3.8.2.1}{\376\377\0003\000.\0008\000.\0002\000.\0001\000\040\000s\000e\000t\000\137\000i\000n\000s\000t\000a\000n\000c\000e\000\137\000d\000a\000t\000a\000\050\000\051}{subsection.3.8.2}% 118
\BOOKMARK [2][-]{subsection.3.8.3}{\376\377\0003\000.\0008\000.\0003\000\040\000M\000e\000m\000b\000e\000r\000\040\000D\000a\000t\000a\000\040\000D\000o\000c\000u\000m\000e\000n\000t\000a\000t\000i\000o\000n}{section.3.8}% 119
\BOOKMARK [3][-]{subsubsection.3.8.3.1}{\376\377\0003\000.\0008\000.\0003\000.\0001\000\040\000l\000a\000y\000o\000u\000t\000s}{subsection.3.8.3}% 120
\BOOKMARK [3][-]{subsubsection.3.8.3.2}{\376\377\0003\000.\0008\000.\0003\000.\0002\000\040\000m\000e\000s\000h\000\137\000i\000n\000d\000i\000c\000e\000s}{subsection.3.8.3}% 121
\BOOKMARK [3][-]{subsubsection.3.8.3.3}{\376\377\0003\000.\0008\000.\0003\000.\0003\000\040\000r\000e\000n\000d\000e\000r\000\137\000i\000n\000s\000t\000a\000n\000c\000e\000s}{subsection.3.8.3}% 122
\BOOKMARK [3][-]{subsubsection.3.8.3.4}{\376\377\0003\000.\0008\000.\0003\000.\0004\000\040\000t\000y\000p\000e\000s}{subsection.3.8.3}% 123
\BOOKMARK [3][-]{subsubsection.3.8.3.5}{\376\377\0003\000.\0008\000.\0003\000.\0005\000\040\000V\000A\000O}{subsection.3.8.3}% 124
\BOOKMARK [3][-]{subsubsection.3.8.3.6}{\376\377\0003\000.\0008\000.\0003\000.\0006\000\040\000V\000B\000O\000s}{subsection.3.8.3}% 125
\BOOKMARK [1][-]{section.3.9}{\376\377\0003\000.\0009\000\040\000R\000e\000n\000d\000e\000r\000e\000r\000\040\000C\000l\000a\000s\000s\000\040\000R\000e\000f\000e\000r\000e\000n\000c\000e}{chapter.3}% 126
\BOOKMARK [2][-]{subsection.3.9.1}{\376\377\0003\000.\0009\000.\0001\000\040\000C\000o\000n\000s\000t\000r\000u\000c\000t\000o\000r\000\040\000\046\000\040\000D\000e\000s\000t\000r\000u\000c\000t\000o\000r\000\040\000D\000o\000c\000u\000m\000e\000n\000t\000a\000t\000i\000o\000n}{section.3.9}% 127
\BOOKMARK [3][-]{subsubsection.3.9.1.1}{\376\377\0003\000.\0009\000.\0001\000.\0001\000\040\000R\000e\000n\000d\000e\000r\000e\000r\000\050\000\051\000\040\000[\0001\000/\0002\000]}{subsection.3.9.1}% 128
\BOOKMARK [3][-]{subsubsection.3.9.1.2}{\376\377\0003\000.\0009\000.\0001\000.\0002\000\040\000R\000e\000n\000d\000e\000r\000e\000r\000\050\000\051\000\040\000[\0002\000/\0002\000]}{subsection.3.9.1}% 129
\BOOKMARK [3][-]{subsubsection.3.9.1.3}{\376\377\0003\000.\0009\000.\0001\000.\0003\000\040\000\040\000R\000e\000n\000d\000e\000r\000e\000r\000\050\000\051}{subsection.3.9.1}% 130
\BOOKMARK [2][-]{subsection.3.9.2}{\376\377\0003\000.\0009\000.\0002\000\040\000M\000e\000m\000b\000e\000r\000\040\000F\000u\000n\000c\000t\000i\000o\000n\000\040\000D\000o\000c\000u\000m\000e\000n\000t\000a\000t\000i\000o\000n}{section.3.9}% 131
\BOOKMARK [3][-]{subsubsection.3.9.2.1}{\376\377\0003\000.\0009\000.\0002\000.\0001\000\040\000a\000d\000d\000\137\000d\000a\000t\000a\000\050\000\051}{subsection.3.9.2}% 132
\BOOKMARK [3][-]{subsubsection.3.9.2.2}{\376\377\0003\000.\0009\000.\0002\000.\0002\000\040\000a\000d\000d\000\137\000S\000h\000a\000d\000e\000r\000\050\000\051}{subsection.3.9.2}% 133
\BOOKMARK [3][-]{subsubsection.3.9.2.3}{\376\377\0003\000.\0009\000.\0002\000.\0003\000\040\000c\000h\000a\000n\000g\000e\000\137\000a\000c\000t\000i\000v\000e\000\137\000p\000r\000o\000g\000r\000a\000m\000\050\000\051}{subsection.3.9.2}% 134
\BOOKMARK [3][-]{subsubsection.3.9.2.4}{\376\377\0003\000.\0009\000.\0002\000.\0004\000\040\000c\000l\000e\000a\000r\000\050\000\051}{subsection.3.9.2}% 135
\BOOKMARK [3][-]{subsubsection.3.9.2.5}{\376\377\0003\000.\0009\000.\0002\000.\0005\000\040\000f\000i\000n\000d\000\137\000s\000h\000a\000d\000e\000r\000\050\000\051}{subsection.3.9.2}% 136
\BOOKMARK [3][-]{subsubsection.3.9.2.6}{\376\377\0003\000.\0009\000.\0002\000.\0006\000\040\000m\000a\000k\000e\000\137\000p\000r\000o\000g\000r\000a\000m\000\050\000\051}{subsection.3.9.2}% 137
\BOOKMARK [3][-]{subsubsection.3.9.2.7}{\376\377\0003\000.\0009\000.\0002\000.\0007\000\040\000m\000u\000l\000t\000i\000\137\000r\000e\000n\000d\000e\000r\000\050\000\051}{subsection.3.9.2}% 138
\BOOKMARK [3][-]{subsubsection.3.9.2.8}{\376\377\0003\000.\0009\000.\0002\000.\0008\000\040\000r\000e\000n\000d\000e\000r\000\050\000\051}{subsection.3.9.2}% 139
\BOOKMARK [3][-]{subsubsection.3.9.2.9}{\376\377\0003\000.\0009\000.\0002\000.\0009\000\040\000s\000e\000t\000\137\000c\000a\000m\000e\000r\000a\000\050\000\051}{subsection.3.9.2}% 140
\BOOKMARK [3][-]{subsubsection.3.9.2.10}{\376\377\0003\000.\0009\000.\0002\000.\0001\0000\000\040\000u\000p\000d\000a\000t\000e\000\050\000\051}{subsection.3.9.2}% 141
\BOOKMARK [2][-]{subsection.3.9.3}{\376\377\0003\000.\0009\000.\0003\000\040\000M\000e\000m\000b\000e\000r\000\040\000D\000a\000t\000a\000\040\000D\000o\000c\000u\000m\000e\000n\000t\000a\000t\000i\000o\000n}{section.3.9}% 142
\BOOKMARK [3][-]{subsubsection.3.9.3.1}{\376\377\0003\000.\0009\000.\0003\000.\0001\000\040\000b\000u\000s\000y\000\137\000q\000u\000e\000u\000e}{subsection.3.9.3}% 143
\BOOKMARK [3][-]{subsubsection.3.9.3.2}{\376\377\0003\000.\0009\000.\0003\000.\0002\000\040\000c\000a\000m}{subsection.3.9.3}% 144
\BOOKMARK [3][-]{subsubsection.3.9.3.3}{\376\377\0003\000.\0009\000.\0003\000.\0003\000\040\000c\000u\000r\000r\000e\000n\000t\000\137\000p\000r\000o\000g\000r\000a\000m}{subsection.3.9.3}% 145
\BOOKMARK [3][-]{subsubsection.3.9.3.4}{\376\377\0003\000.\0009\000.\0003\000.\0004\000\040\000f\000r\000a\000g\000m\000e\000n\000t\000\137\000s\000h\000a\000d\000e\000r\000s}{subsection.3.9.3}% 146
\BOOKMARK [3][-]{subsubsection.3.9.3.5}{\376\377\0003\000.\0009\000.\0003\000.\0005\000\040\000r\000e\000n\000d\000e\000r\000\137\000q\000u\000e\000u\000e}{subsection.3.9.3}% 147
\BOOKMARK [3][-]{subsubsection.3.9.3.6}{\376\377\0003\000.\0009\000.\0003\000.\0006\000\040\000s\000h\000a\000d\000i\000n\000g\000\137\000p\000r\000o\000g\000r\000a\000m\000s}{subsection.3.9.3}% 148
\BOOKMARK [3][-]{subsubsection.3.9.3.7}{\376\377\0003\000.\0009\000.\0003\000.\0007\000\040\000t\000e\000s\000s\000e\000l\000l\000a\000t\000i\000o\000n\000\137\000s\000h\000a\000d\000e\000r\000s}{subsection.3.9.3}% 149
\BOOKMARK [3][-]{subsubsection.3.9.3.8}{\376\377\0003\000.\0009\000.\0003\000.\0008\000\040\000v\000e\000r\000t\000e\000x\000\137\000s\000h\000a\000d\000e\000r\000s}{subsection.3.9.3}% 150
\BOOKMARK [1][-]{section.3.10}{\376\377\0003\000.\0001\0000\000\040\000S\000h\000a\000d\000e\000r\000\040\000C\000l\000a\000s\000s\000\040\000R\000e\000f\000e\000r\000e\000n\000c\000e}{chapter.3}% 151
\BOOKMARK [2][-]{subsection.3.10.1}{\376\377\0003\000.\0001\0000\000.\0001\000\040\000C\000o\000n\000s\000t\000r\000u\000c\000t\000o\000r\000\040\000\046\000\040\000D\000e\000s\000t\000r\000u\000c\000t\000o\000r\000\040\000D\000o\000c\000u\000m\000e\000n\000t\000a\000t\000i\000o\000n}{section.3.10}% 152
\BOOKMARK [3][-]{subsubsection.3.10.1.1}{\376\377\0003\000.\0001\0000\000.\0001\000.\0001\000\040\000S\000h\000a\000d\000e\000r\000\050\000\051\000\040\000[\0001\000/\0002\000]}{subsection.3.10.1}% 153
\BOOKMARK [3][-]{subsubsection.3.10.1.2}{\376\377\0003\000.\0001\0000\000.\0001\000.\0002\000\040\000S\000h\000a\000d\000e\000r\000\050\000\051\000\040\000[\0002\000/\0002\000]}{subsection.3.10.1}% 154
\BOOKMARK [3][-]{subsubsection.3.10.1.3}{\376\377\0003\000.\0001\0000\000.\0001\000.\0003\000\040\000\040\000S\000h\000a\000d\000e\000r\000\050\000\051}{subsection.3.10.1}% 155
\BOOKMARK [2][-]{subsection.3.10.2}{\376\377\0003\000.\0001\0000\000.\0002\000\040\000M\000e\000m\000b\000e\000r\000\040\000F\000u\000n\000c\000t\000i\000o\000n\000\040\000D\000o\000c\000u\000m\000e\000n\000t\000a\000t\000i\000o\000n}{section.3.10}% 156
\BOOKMARK [3][-]{subsubsection.3.10.2.1}{\376\377\0003\000.\0001\0000\000.\0002\000.\0001\000\040\000c\000l\000e\000a\000r\000\050\000\051}{subsection.3.10.2}% 157
\BOOKMARK [3][-]{subsubsection.3.10.2.2}{\376\377\0003\000.\0001\0000\000.\0002\000.\0002\000\040\000l\000o\000a\000d\000\137\000f\000r\000o\000m\000\137\000f\000i\000l\000e\000\050\000\051}{subsection.3.10.2}% 158
\BOOKMARK [2][-]{subsection.3.10.3}{\376\377\0003\000.\0001\0000\000.\0003\000\040\000M\000e\000m\000b\000e\000r\000\040\000D\000a\000t\000a\000\040\000D\000o\000c\000u\000m\000e\000n\000t\000a\000t\000i\000o\000n}{section.3.10}% 159
\BOOKMARK [3][-]{subsubsection.3.10.3.1}{\376\377\0003\000.\0001\0000\000.\0003\000.\0001\000\040\000f\000i\000l\000e\000N\000a\000m\000e}{subsection.3.10.3}% 160
\BOOKMARK [3][-]{subsubsection.3.10.3.2}{\376\377\0003\000.\0001\0000\000.\0003\000.\0002\000\040\000s\000h\000a\000d\000e\000r\000I\000D}{subsection.3.10.3}% 161
\BOOKMARK [3][-]{subsubsection.3.10.3.3}{\376\377\0003\000.\0001\0000\000.\0003\000.\0003\000\040\000t\000y\000p\000e}{subsection.3.10.3}% 162
\BOOKMARK [1][-]{section.3.11}{\376\377\0003\000.\0001\0001\000\040\000T\000e\000x\000t\000u\000r\000e\000\040\000C\000l\000a\000s\000s\000\040\000R\000e\000f\000e\000r\000e\000n\000c\000e}{chapter.3}% 163
\BOOKMARK [2][-]{subsection.3.11.1}{\376\377\0003\000.\0001\0001\000.\0001\000\040\000C\000o\000n\000s\000t\000r\000u\000c\000t\000o\000r\000\040\000\046\000\040\000D\000e\000s\000t\000r\000u\000c\000t\000o\000r\000\040\000D\000o\000c\000u\000m\000e\000n\000t\000a\000t\000i\000o\000n}{section.3.11}% 164
\BOOKMARK [3][-]{subsubsection.3.11.1.1}{\376\377\0003\000.\0001\0001\000.\0001\000.\0001\000\040\000T\000e\000x\000t\000u\000r\000e\000\050\000\051}{subsection.3.11.1}% 165
\BOOKMARK [3][-]{subsubsection.3.11.1.2}{\376\377\0003\000.\0001\0001\000.\0001\000.\0002\000\040\000\040\000T\000e\000x\000t\000u\000r\000e\000\050\000\051}{subsection.3.11.1}% 166
\BOOKMARK [2][-]{subsection.3.11.2}{\376\377\0003\000.\0001\0001\000.\0002\000\040\000M\000e\000m\000b\000e\000r\000\040\000F\000u\000n\000c\000t\000i\000o\000n\000\040\000D\000o\000c\000u\000m\000e\000n\000t\000a\000t\000i\000o\000n}{section.3.11}% 167
\BOOKMARK [3][-]{subsubsection.3.11.2.1}{\376\377\0003\000.\0001\0001\000.\0002\000.\0001\000\040\000c\000l\000e\000a\000r\000\050\000\051}{subsection.3.11.2}% 168
\BOOKMARK [3][-]{subsubsection.3.11.2.2}{\376\377\0003\000.\0001\0001\000.\0002\000.\0002\000\040\000l\000o\000a\000d\000\137\000t\000o\000\137\000G\000P\000U\000\050\000\051}{subsection.3.11.2}% 169
\BOOKMARK [2][-]{subsection.3.11.3}{\376\377\0003\000.\0001\0001\000.\0003\000\040\000M\000e\000m\000b\000e\000r\000\040\000D\000a\000t\000a\000\040\000D\000o\000c\000u\000m\000e\000n\000t\000a\000t\000i\000o\000n}{section.3.11}% 170
\BOOKMARK [3][-]{subsubsection.3.11.3.1}{\376\377\0003\000.\0001\0001\000.\0003\000.\0001\000\040\000h\000e\000i\000g\000h\000t}{subsection.3.11.3}% 171
\BOOKMARK [3][-]{subsubsection.3.11.3.2}{\376\377\0003\000.\0001\0001\000.\0003\000.\0002\000\040\000t\000a\000r\000g\000e\000t}{subsection.3.11.3}% 172
\BOOKMARK [3][-]{subsubsection.3.11.3.3}{\376\377\0003\000.\0001\0001\000.\0003\000.\0003\000\040\000t\000e\000x\000t\000u\000r\000e}{subsection.3.11.3}% 173
\BOOKMARK [3][-]{subsubsection.3.11.3.4}{\376\377\0003\000.\0001\0001\000.\0003\000.\0004\000\040\000t\000e\000x\000t\000u\000r\000e\000I\000D}{subsection.3.11.3}% 174
\BOOKMARK [3][-]{subsubsection.3.11.3.5}{\376\377\0003\000.\0001\0001\000.\0003\000.\0005\000\040\000w\000i\000d\000t\000h}{subsection.3.11.3}% 175
\BOOKMARK [1][-]{section.3.12}{\376\377\0003\000.\0001\0002\000\040\000W\000o\000r\000l\000d\000\040\000C\000l\000a\000s\000s\000\040\000R\000e\000f\000e\000r\000e\000n\000c\000e}{chapter.3}% 176
\BOOKMARK [2][-]{subsection.3.12.1}{\376\377\0003\000.\0001\0002\000.\0001\000\040\000C\000o\000n\000s\000t\000r\000u\000c\000t\000o\000r\000\040\000\046\000\040\000D\000e\000s\000t\000r\000u\000c\000t\000o\000r\000\040\000D\000o\000c\000u\000m\000e\000n\000t\000a\000t\000i\000o\000n}{section.3.12}% 177
\BOOKMARK [3][-]{subsubsection.3.12.1.1}{\376\377\0003\000.\0001\0002\000.\0001\000.\0001\000\040\000W\000o\000r\000l\000d\000\050\000\051}{subsection.3.12.1}% 178
\BOOKMARK [3][-]{subsubsection.3.12.1.2}{\376\377\0003\000.\0001\0002\000.\0001\000.\0002\000\040\000\040\000W\000o\000r\000l\000d\000\050\000\051}{subsection.3.12.1}% 179
\BOOKMARK [2][-]{subsection.3.12.2}{\376\377\0003\000.\0001\0002\000.\0002\000\040\000M\000e\000m\000b\000e\000r\000\040\000F\000u\000n\000c\000t\000i\000o\000n\000\040\000D\000o\000c\000u\000m\000e\000n\000t\000a\000t\000i\000o\000n}{section.3.12}% 180
\BOOKMARK [3][-]{subsubsection.3.12.2.1}{\376\377\0003\000.\0001\0002\000.\0002\000.\0001\000\040\000c\000e\000n\000t\000e\000r\000\137\000f\000r\000a\000m\000e\000\050\000\051}{subsection.3.12.2}% 181
\BOOKMARK [3][-]{subsubsection.3.12.2.2}{\376\377\0003\000.\0001\0002\000.\0002\000.\0002\000\040\000o\000p\000e\000r\000a\000t\000o\000r\000\050\000\051\000\050\000\051}{subsection.3.12.2}% 182
\BOOKMARK [3][-]{subsubsection.3.12.2.3}{\376\377\0003\000.\0001\0002\000.\0002\000.\0003\000\040\000s\000e\000n\000d\000\137\000r\000e\000n\000d\000e\000r\000\137\000d\000a\000t\000a\000\050\000\051}{subsection.3.12.2}% 183
\BOOKMARK [2][-]{subsection.3.12.3}{\376\377\0003\000.\0001\0002\000.\0003\000\040\000M\000e\000m\000b\000e\000r\000\040\000D\000a\000t\000a\000\040\000D\000o\000c\000u\000m\000e\000n\000t\000a\000t\000i\000o\000n}{section.3.12}% 184
\BOOKMARK [3][-]{subsubsection.3.12.3.1}{\376\377\0003\000.\0001\0002\000.\0003\000.\0001\000\040\000h\000\137\000r\000a\000d\000i\000u\000s}{subsection.3.12.3}% 185
\BOOKMARK [3][-]{subsubsection.3.12.3.2}{\376\377\0003\000.\0001\0002\000.\0003\000.\0002\000\040\000l\000o\000a\000d\000e\000d\000\137\000c\000h\000u\000n\000k\000s}{subsection.3.12.3}% 186
\BOOKMARK [3][-]{subsubsection.3.12.3.3}{\376\377\0003\000.\0001\0002\000.\0003\000.\0003\000\040\000l\000o\000a\000d\000e\000d\000\137\000l\000i\000g\000h\000t\000s}{subsection.3.12.3}% 187
\BOOKMARK [3][-]{subsubsection.3.12.3.4}{\376\377\0003\000.\0001\0002\000.\0003\000.\0004\000\040\000o\000r\000i\000g\000i\000n}{subsection.3.12.3}% 188
\BOOKMARK [3][-]{subsubsection.3.12.3.5}{\376\377\0003\000.\0001\0002\000.\0003\000.\0005\000\040\000v\000\137\000r\000a\000d\000i\000u\000s}{subsection.3.12.3}% 189
\BOOKMARK [0][-]{chapter.4}{\376\377\0004\000\040\000F\000i\000l\000e\000\040\000D\000o\000c\000u\000m\000e\000n\000t\000a\000t\000i\000o\000n}{}% 190
\BOOKMARK [1][-]{section.4.1}{\376\377\0004\000.\0001\000\040\000C\000u\000b\000e\000.\000c\000p\000p\000\040\000F\000i\000l\000e\000\040\000R\000e\000f\000e\000r\000e\000n\000c\000e}{chapter.4}% 191
\BOOKMARK [2][-]{subsection.4.1.1}{\376\377\0004\000.\0001\000.\0001\000\040\000V\000a\000r\000i\000a\000b\000l\000e\000\040\000D\000o\000c\000u\000m\000e\000n\000t\000a\000t\000i\000o\000n}{section.4.1}% 192
\BOOKMARK [3][-]{subsubsection.4.1.1.1}{\376\377\0004\000.\0001\000.\0001\000.\0001\000\040\000o\000b\000j\000\137\000s\000o\000u\000r\000c\000e\000\137\000f\000i\000l\000e\000s}{subsection.4.1.1}% 193
\BOOKMARK [3][-]{subsubsection.4.1.1.2}{\376\377\0004\000.\0001\000.\0001\000.\0002\000\040\000t\000e\000x\000t\000u\000r\000e\000\137\000s\000o\000u\000r\000c\000e\000\137\000f\000i\000l\000e\000s}{subsection.4.1.1}% 194
\BOOKMARK [1][-]{section.4.2}{\376\377\0004\000.\0002\000\040\000C\000u\000b\000e\000.\000h\000p\000p\000\040\000F\000i\000l\000e\000\040\000R\000e\000f\000e\000r\000e\000n\000c\000e}{chapter.4}% 195
\BOOKMARK [2][-]{subsection.4.2.1}{\376\377\0004\000.\0002\000.\0001\000\040\000E\000n\000u\000m\000e\000r\000a\000t\000i\000o\000n\000\040\000T\000y\000p\000e\000\040\000D\000o\000c\000u\000m\000e\000n\000t\000a\000t\000i\000o\000n}{section.4.2}% 196
\BOOKMARK [3][-]{subsubsection.4.2.1.1}{\376\377\0004\000.\0002\000.\0001\000.\0001\000\040\000C\000u\000b\000e\000I\000D}{subsection.4.2.1}% 197
\BOOKMARK [2][-]{subsection.4.2.2}{\376\377\0004\000.\0002\000.\0002\000\040\000V\000a\000r\000i\000a\000b\000l\000e\000\040\000D\000o\000c\000u\000m\000e\000n\000t\000a\000t\000i\000o\000n}{section.4.2}% 198
\BOOKMARK [3][-]{subsubsection.4.2.2.1}{\376\377\0004\000.\0002\000.\0002\000.\0001\000\040\000c\000u\000b\000e\000\137\000t\000y\000p\000e\000s}{subsection.4.2.2}% 199
\BOOKMARK [1][-]{section.4.3}{\376\377\0004\000.\0003\000\040\000H\000e\000l\000p\000e\000r\000s\000/\000c\000o\000u\000t\000-\000d\000e\000f\000i\000n\000i\000t\000i\000o\000n\000s\000.\000c\000p\000p\000\040\000F\000i\000l\000e\000\040\000R\000e\000f\000e\000r\000e\000n\000c\000e}{chapter.4}% 200
\BOOKMARK [2][-]{subsection.4.3.1}{\376\377\0004\000.\0003\000.\0001\000\040\000D\000e\000t\000a\000i\000l\000e\000d\000\040\000D\000e\000s\000c\000r\000i\000p\000t\000i\000o\000n}{section.4.3}% 201
\BOOKMARK [2][-]{subsection.4.3.2}{\376\377\0004\000.\0003\000.\0002\000\040\000F\000u\000n\000c\000t\000i\000o\000n\000\040\000D\000o\000c\000u\000m\000e\000n\000t\000a\000t\000i\000o\000n}{section.4.3}% 202
\BOOKMARK [3][-]{subsubsection.4.3.2.1}{\376\377\0004\000.\0003\000.\0002\000.\0001\000\040\000o\000p\000e\000r\000a\000t\000o\000r\000<\000<\000\050\000\051\000\040\000[\0001\000/\0004\000]}{subsection.4.3.2}% 203
\BOOKMARK [3][-]{subsubsection.4.3.2.2}{\376\377\0004\000.\0003\000.\0002\000.\0002\000\040\000o\000p\000e\000r\000a\000t\000o\000r\000<\000<\000\050\000\051\000\040\000[\0002\000/\0004\000]}{subsection.4.3.2}% 204
\BOOKMARK [3][-]{subsubsection.4.3.2.3}{\376\377\0004\000.\0003\000.\0002\000.\0003\000\040\000o\000p\000e\000r\000a\000t\000o\000r\000<\000<\000\050\000\051\000\040\000[\0003\000/\0004\000]}{subsection.4.3.2}% 205
\BOOKMARK [3][-]{subsubsection.4.3.2.4}{\376\377\0004\000.\0003\000.\0002\000.\0004\000\040\000o\000p\000e\000r\000a\000t\000o\000r\000<\000<\000\050\000\051\000\040\000[\0004\000/\0004\000]}{subsection.4.3.2}% 206
\BOOKMARK [1][-]{section.4.4}{\376\377\0004\000.\0004\000\040\000H\000e\000l\000p\000e\000r\000s\000/\000c\000o\000u\000t\000-\000d\000e\000f\000i\000n\000i\000t\000i\000o\000n\000s\000.\000h\000p\000p\000\040\000F\000i\000l\000e\000\040\000R\000e\000f\000e\000r\000e\000n\000c\000e}{chapter.4}% 207
\BOOKMARK [2][-]{subsection.4.4.1}{\376\377\0004\000.\0004\000.\0001\000\040\000D\000e\000t\000a\000i\000l\000e\000d\000\040\000D\000e\000s\000c\000r\000i\000p\000t\000i\000o\000n}{section.4.4}% 208
\BOOKMARK [2][-]{subsection.4.4.2}{\376\377\0004\000.\0004\000.\0002\000\040\000F\000u\000n\000c\000t\000i\000o\000n\000\040\000D\000o\000c\000u\000m\000e\000n\000t\000a\000t\000i\000o\000n}{section.4.4}% 209
\BOOKMARK [3][-]{subsubsection.4.4.2.1}{\376\377\0004\000.\0004\000.\0002\000.\0001\000\040\000o\000p\000e\000r\000a\000t\000o\000r\000<\000<\000\050\000\051\000\040\000[\0001\000/\0004\000]}{subsection.4.4.2}% 210
\BOOKMARK [3][-]{subsubsection.4.4.2.2}{\376\377\0004\000.\0004\000.\0002\000.\0002\000\040\000o\000p\000e\000r\000a\000t\000o\000r\000<\000<\000\050\000\051\000\040\000[\0002\000/\0004\000]}{subsection.4.4.2}% 211
\BOOKMARK [3][-]{subsubsection.4.4.2.3}{\376\377\0004\000.\0004\000.\0002\000.\0003\000\040\000o\000p\000e\000r\000a\000t\000o\000r\000<\000<\000\050\000\051\000\040\000[\0003\000/\0004\000]}{subsection.4.4.2}% 212
\BOOKMARK [3][-]{subsubsection.4.4.2.4}{\376\377\0004\000.\0004\000.\0002\000.\0004\000\040\000o\000p\000e\000r\000a\000t\000o\000r\000<\000<\000\050\000\051\000\040\000[\0004\000/\0004\000]}{subsection.4.4.2}% 213
\BOOKMARK [1][-]{section.4.5}{\376\377\0004\000.\0005\000\040\000H\000e\000l\000p\000e\000r\000s\000/\000s\000y\000s\000t\000e\000m\000-\000l\000i\000b\000r\000a\000r\000i\000e\000s\000.\000h\000p\000p\000\040\000F\000i\000l\000e\000\040\000R\000e\000f\000e\000r\000e\000n\000c\000e}{chapter.4}% 214
\BOOKMARK [2][-]{subsection.4.5.1}{\376\377\0004\000.\0005\000.\0001\000\040\000D\000e\000t\000a\000i\000l\000e\000d\000\040\000D\000e\000s\000c\000r\000i\000p\000t\000i\000o\000n}{section.4.5}% 215
\BOOKMARK [2][-]{subsection.4.5.2}{\376\377\0004\000.\0005\000.\0002\000\040\000M\000a\000c\000r\000o\000\040\000D\000e\000f\000i\000n\000i\000t\000i\000o\000n\000\040\000D\000o\000c\000u\000m\000e\000n\000t\000a\000t\000i\000o\000n}{section.4.5}% 216
\BOOKMARK [3][-]{subsubsection.4.5.2.1}{\376\377\0004\000.\0005\000.\0002\000.\0001\000\040\000G\000L\000E\000W\000\137\000D\000Y\000N\000A\000M\000I\000C}{subsection.4.5.2}% 217
\BOOKMARK [1][-]{section.4.6}{\376\377\0004\000.\0006\000\040\000H\000e\000l\000p\000e\000r\000s\000/\000t\000o\000o\000l\000s\000.\000c\000p\000p\000\040\000F\000i\000l\000e\000\040\000R\000e\000f\000e\000r\000e\000n\000c\000e}{chapter.4}% 218
\BOOKMARK [2][-]{subsection.4.6.1}{\376\377\0004\000.\0006\000.\0001\000\040\000D\000e\000t\000a\000i\000l\000e\000d\000\040\000D\000e\000s\000c\000r\000i\000p\000t\000i\000o\000n}{section.4.6}% 219
\BOOKMARK [2][-]{subsection.4.6.2}{\376\377\0004\000.\0006\000.\0002\000\040\000F\000u\000n\000c\000t\000i\000o\000n\000\040\000D\000o\000c\000u\000m\000e\000n\000t\000a\000t\000i\000o\000n}{section.4.6}% 220
\BOOKMARK [3][-]{subsubsection.4.6.2.1}{\376\377\0004\000.\0006\000.\0002\000.\0001\000\040\000f\000a\000d\000e\000\050\000\051}{subsection.4.6.2}% 221
\BOOKMARK [3][-]{subsubsection.4.6.2.2}{\376\377\0004\000.\0006\000.\0002\000.\0002\000\040\000l\000e\000n\000g\000t\000h\000\050\000\051}{subsection.4.6.2}% 222
\BOOKMARK [3][-]{subsubsection.4.6.2.3}{\376\377\0004\000.\0006\000.\0002\000.\0003\000\040\000n\000o\000i\000s\000e\000\137\0002\000D\000\050\000\051}{subsection.4.6.2}% 223
\BOOKMARK [3][-]{subsubsection.4.6.2.4}{\376\377\0004\000.\0006\000.\0002\000.\0004\000\040\000p\000e\000r\000l\000i\000n\000\137\000n\000o\000i\000s\000e\000\050\000\051}{subsection.4.6.2}% 224
\BOOKMARK [3][-]{subsubsection.4.6.2.5}{\376\377\0004\000.\0006\000.\0002\000.\0005\000\040\000s\000u\000r\000f\000l\000e\000t\000\050\000\051}{subsection.4.6.2}% 225
\BOOKMARK [3][-]{subsubsection.4.6.2.6}{\376\377\0004\000.\0006\000.\0002\000.\0006\000\040\000v\000e\000c\000\137\000f\000i\000e\000l\000d\000\137\000i\000n\000i\000t\000\050\000\051}{subsection.4.6.2}% 226
\BOOKMARK [2][-]{subsection.4.6.3}{\376\377\0004\000.\0006\000.\0003\000\040\000V\000a\000r\000i\000a\000b\000l\000e\000\040\000D\000o\000c\000u\000m\000e\000n\000t\000a\000t\000i\000o\000n}{section.4.6}% 227
\BOOKMARK [3][-]{subsubsection.4.6.3.1}{\376\377\0004\000.\0006\000.\0003\000.\0001\000\040\000m\000a\000s\000k}{subsection.4.6.3}% 228
\BOOKMARK [3][-]{subsubsection.4.6.3.2}{\376\377\0004\000.\0006\000.\0003\000.\0002\000\040\000p\000e\000r\000m}{subsection.4.6.3}% 229
\BOOKMARK [3][-]{subsubsection.4.6.3.3}{\376\377\0004\000.\0006\000.\0003\000.\0003\000\040\000s\000i\000z\000e}{subsection.4.6.3}% 230
\BOOKMARK [3][-]{subsubsection.4.6.3.4}{\376\377\0004\000.\0006\000.\0003\000.\0004\000\040\000v\000e\000c\000\137\000f\000i\000e\000l\000d\000\137\000x}{subsection.4.6.3}% 231
\BOOKMARK [3][-]{subsubsection.4.6.3.5}{\376\377\0004\000.\0006\000.\0003\000.\0005\000\040\000v\000e\000c\000\137\000f\000i\000e\000l\000d\000\137\000y}{subsection.4.6.3}% 232
\BOOKMARK [1][-]{section.4.7}{\376\377\0004\000.\0007\000\040\000H\000e\000l\000p\000e\000r\000s\000/\000t\000o\000o\000l\000s\000.\000h\000p\000p\000\040\000F\000i\000l\000e\000\040\000R\000e\000f\000e\000r\000e\000n\000c\000e}{chapter.4}% 233
\BOOKMARK [2][-]{subsection.4.7.1}{\376\377\0004\000.\0007\000.\0001\000\040\000D\000e\000t\000a\000i\000l\000e\000d\000\040\000D\000e\000s\000c\000r\000i\000p\000t\000i\000o\000n}{section.4.7}% 234
\BOOKMARK [2][-]{subsection.4.7.2}{\376\377\0004\000.\0007\000.\0002\000\040\000F\000u\000n\000c\000t\000i\000o\000n\000\040\000D\000o\000c\000u\000m\000e\000n\000t\000a\000t\000i\000o\000n}{section.4.7}% 235
\BOOKMARK [3][-]{subsubsection.4.7.2.1}{\376\377\0004\000.\0007\000.\0002\000.\0001\000\040\000n\000o\000i\000s\000e\000\137\0002\000D\000\050\000\051}{subsection.4.7.2}% 236
\BOOKMARK [3][-]{subsubsection.4.7.2.2}{\376\377\0004\000.\0007\000.\0002\000.\0002\000\040\000v\000e\000c\000\137\000f\000i\000e\000l\000d\000\137\000i\000n\000i\000t\000\050\000\051}{subsection.4.7.2}% 237
\BOOKMARK [1][-]{section.4.8}{\376\377\0004\000.\0008\000\040\000H\000e\000l\000p\000e\000r\000s\000/\000w\000a\000v\000e\000f\000r\000o\000n\000t\000-\000l\000o\000a\000d\000e\000r\000.\000c\000p\000p\000\040\000F\000i\000l\000e\000\040\000R\000e\000f\000e\000r\000e\000n\000c\000e}{chapter.4}% 238
\BOOKMARK [2][-]{subsection.4.8.1}{\376\377\0004\000.\0008\000.\0001\000\040\000D\000e\000t\000a\000i\000l\000e\000d\000\040\000D\000e\000s\000c\000r\000i\000p\000t\000i\000o\000n}{section.4.8}% 239
\BOOKMARK [2][-]{subsection.4.8.2}{\376\377\0004\000.\0008\000.\0002\000\040\000F\000u\000n\000c\000t\000i\000o\000n\000\040\000D\000o\000c\000u\000m\000e\000n\000t\000a\000t\000i\000o\000n}{section.4.8}% 240
\BOOKMARK [3][-]{subsubsection.4.8.2.1}{\376\377\0004\000.\0008\000.\0002\000.\0001\000\040\000l\000o\000a\000d\000\137\000o\000b\000j\000\050\000\051}{subsection.4.8.2}% 241
\BOOKMARK [1][-]{section.4.9}{\376\377\0004\000.\0009\000\040\000H\000e\000l\000p\000e\000r\000s\000/\000w\000a\000v\000e\000f\000r\000o\000n\000t\000-\000l\000o\000a\000d\000e\000r\000.\000h\000p\000p\000\040\000F\000i\000l\000e\000\040\000R\000e\000f\000e\000r\000e\000n\000c\000e}{chapter.4}% 242
\BOOKMARK [2][-]{subsection.4.9.1}{\376\377\0004\000.\0009\000.\0001\000\040\000D\000e\000t\000a\000i\000l\000e\000d\000\040\000D\000e\000s\000c\000r\000i\000p\000t\000i\000o\000n}{section.4.9}% 243
\BOOKMARK [2][-]{subsection.4.9.2}{\376\377\0004\000.\0009\000.\0002\000\040\000F\000u\000n\000c\000t\000i\000o\000n\000\040\000D\000o\000c\000u\000m\000e\000n\000t\000a\000t\000i\000o\000n}{section.4.9}% 244
\BOOKMARK [3][-]{subsubsection.4.9.2.1}{\376\377\0004\000.\0009\000.\0002\000.\0001\000\040\000l\000o\000a\000d\000\137\000o\000b\000j\000\050\000\051}{subsection.4.9.2}% 245
\BOOKMARK [1][-]{section.4.10}{\376\377\0004\000.\0001\0000\000\040\000m\000a\000i\000n\000.\000c\000p\000p\000\040\000F\000i\000l\000e\000\040\000R\000e\000f\000e\000r\000e\000n\000c\000e}{chapter.4}% 246
\BOOKMARK [2][-]{subsection.4.10.1}{\376\377\0004\000.\0001\0000\000.\0001\000\040\000T\000y\000p\000e\000d\000e\000f\000\040\000D\000o\000c\000u\000m\000e\000n\000t\000a\000t\000i\000o\000n}{section.4.10}% 247
\BOOKMARK [3][-]{subsubsection.4.10.1.1}{\376\377\0004\000.\0001\0000\000.\0001\000.\0001\000\040\000f\000r\000a\000m\000e\000\137\000d\000u\000r\000a\000t\000i\000o\000n}{subsection.4.10.1}% 248
\BOOKMARK [3][-]{subsubsection.4.10.1.2}{\376\377\0004\000.\0001\0000\000.\0001\000.\0002\000\040\000w\000o\000r\000l\000d\000\137\000d\000u\000r\000a\000t\000i\000o\000n}{subsection.4.10.1}% 249
\BOOKMARK [2][-]{subsection.4.10.2}{\376\377\0004\000.\0001\0000\000.\0002\000\040\000F\000u\000n\000c\000t\000i\000o\000n\000\040\000D\000o\000c\000u\000m\000e\000n\000t\000a\000t\000i\000o\000n}{section.4.10}% 250
\BOOKMARK [3][-]{subsubsection.4.10.2.1}{\376\377\0004\000.\0001\0000\000.\0002\000.\0001\000\040\000m\000a\000i\000n\000\050\000\051}{subsection.4.10.2}% 251
\BOOKMARK [3][-]{subsubsection.4.10.2.2}{\376\377\0004\000.\0001\0000\000.\0002\000.\0002\000\040\000r\000e\000n\000d\000e\000r\000\137\000l\000o\000o\000p\000\050\000\051}{subsection.4.10.2}% 252
\BOOKMARK [3][-]{subsubsection.4.10.2.3}{\376\377\0004\000.\0001\0000\000.\0002\000.\0003\000\040\000u\000p\000d\000a\000t\000e\000\137\000l\000o\000o\000p\000\050\000\051}{subsection.4.10.2}% 253
\BOOKMARK [1][-]{section.4.11}{\376\377\0004\000.\0001\0001\000\040\000R\000e\000n\000d\000e\000r\000i\000n\000g\000/\000C\000a\000m\000e\000r\000a\000/\000C\000a\000m\000e\000r\000a\000.\000c\000p\000p\000\040\000F\000i\000l\000e\000\040\000R\000e\000f\000e\000r\000e\000n\000c\000e}{chapter.4}% 254
\BOOKMARK [2][-]{subsection.4.11.1}{\376\377\0004\000.\0001\0001\000.\0001\000\040\000D\000e\000t\000a\000i\000l\000e\000d\000\040\000D\000e\000s\000c\000r\000i\000p\000t\000i\000o\000n}{section.4.11}% 255
\BOOKMARK [1][-]{section.4.12}{\376\377\0004\000.\0001\0002\000\040\000R\000e\000n\000d\000e\000r\000i\000n\000g\000/\000C\000a\000m\000e\000r\000a\000/\000C\000a\000m\000e\000r\000a\000.\000h\000p\000p\000\040\000F\000i\000l\000e\000\040\000R\000e\000f\000e\000r\000e\000n\000c\000e}{chapter.4}% 256
\BOOKMARK [2][-]{subsection.4.12.1}{\376\377\0004\000.\0001\0002\000.\0001\000\040\000D\000e\000t\000a\000i\000l\000e\000d\000\040\000D\000e\000s\000c\000r\000i\000p\000t\000i\000o\000n}{section.4.12}% 257
\BOOKMARK [1][-]{section.4.13}{\376\377\0004\000.\0001\0003\000\040\000R\000e\000n\000d\000e\000r\000i\000n\000g\000/\000O\000p\000e\000n\000G\000L\000-\000W\000r\000a\000p\000p\000e\000r\000s\000.\000c\000p\000p\000\040\000F\000i\000l\000e\000\040\000R\000e\000f\000e\000r\000e\000n\000c\000e}{chapter.4}% 258
\BOOKMARK [2][-]{subsection.4.13.1}{\376\377\0004\000.\0001\0003\000.\0001\000\040\000D\000e\000t\000a\000i\000l\000e\000d\000\040\000D\000e\000s\000c\000r\000i\000p\000t\000i\000o\000n}{section.4.13}% 259
\BOOKMARK [2][-]{subsection.4.13.2}{\376\377\0004\000.\0001\0003\000.\0002\000\040\000M\000a\000c\000r\000o\000\040\000D\000e\000f\000i\000n\000i\000t\000i\000o\000n\000\040\000D\000o\000c\000u\000m\000e\000n\000t\000a\000t\000i\000o\000n}{section.4.13}% 260
\BOOKMARK [3][-]{subsubsection.4.13.2.1}{\376\377\0004\000.\0001\0003\000.\0002\000.\0001\000\040\000S\000T\000B\000\137\000I\000M\000A\000G\000E\000\137\000I\000M\000P\000L\000E\000M\000E\000N\000T\000A\000T\000I\000O\000N}{subsection.4.13.2}% 261
\BOOKMARK [3][-]{subsubsection.4.13.2.2}{\376\377\0004\000.\0001\0003\000.\0002\000.\0002\000\040\000S\000T\000B\000\137\000I\000M\000A\000G\000E\000\137\000W\000R\000I\000T\000E\000\137\000I\000M\000P\000L\000E\000M\000E\000N\000T\000A\000T\000I\000O\000N}{subsection.4.13.2}% 262
\BOOKMARK [2][-]{subsection.4.13.3}{\376\377\0004\000.\0001\0003\000.\0003\000\040\000V\000a\000r\000i\000a\000b\000l\000e\000\040\000D\000o\000c\000u\000m\000e\000n\000t\000a\000t\000i\000o\000n}{section.4.13}% 263
\BOOKMARK [3][-]{subsubsection.4.13.3.1}{\376\377\0004\000.\0001\0003\000.\0003\000.\0001\000\040\000R\000e\000n\000d\000e\000r\000i\000n\000g\000\137\000H\000a\000n\000d\000l\000e\000r}{subsection.4.13.3}% 264
\BOOKMARK [1][-]{section.4.14}{\376\377\0004\000.\0001\0004\000\040\000R\000e\000n\000d\000e\000r\000i\000n\000g\000/\000O\000p\000e\000n\000G\000L\000-\000W\000r\000a\000p\000p\000e\000r\000s\000.\000h\000p\000p\000\040\000F\000i\000l\000e\000\040\000R\000e\000f\000e\000r\000e\000n\000c\000e}{chapter.4}% 265
\BOOKMARK [2][-]{subsection.4.14.1}{\376\377\0004\000.\0001\0004\000.\0001\000\040\000D\000e\000t\000a\000i\000l\000e\000d\000\040\000D\000e\000s\000c\000r\000i\000p\000t\000i\000o\000n}{section.4.14}% 266
\BOOKMARK [2][-]{subsection.4.14.2}{\376\377\0004\000.\0001\0004\000.\0002\000\040\000E\000n\000u\000m\000e\000r\000a\000t\000i\000o\000n\000\040\000T\000y\000p\000e\000\040\000D\000o\000c\000u\000m\000e\000n\000t\000a\000t\000i\000o\000n}{section.4.14}% 267
\BOOKMARK [3][-]{subsubsection.4.14.2.1}{\376\377\0004\000.\0001\0004\000.\0002\000.\0001\000\040\000P\000R\000O\000G\000R\000A\000M}{subsection.4.14.2}% 268
\BOOKMARK [2][-]{subsection.4.14.3}{\376\377\0004\000.\0001\0004\000.\0003\000\040\000F\000u\000n\000c\000t\000i\000o\000n\000\040\000D\000o\000c\000u\000m\000e\000n\000t\000a\000t\000i\000o\000n}{section.4.14}% 269
\BOOKMARK [3][-]{subsubsection.4.14.3.1}{\376\377\0004\000.\0001\0004\000.\0003\000.\0001\000\040\000o\000p\000e\000n\000G\000L\000e\000r\000r\000o\000r\000\050\000\051}{subsection.4.14.3}% 270
\BOOKMARK [2][-]{subsection.4.14.4}{\376\377\0004\000.\0001\0004\000.\0004\000\040\000V\000a\000r\000i\000a\000b\000l\000e\000\040\000D\000o\000c\000u\000m\000e\000n\000t\000a\000t\000i\000o\000n}{section.4.14}% 271
\BOOKMARK [3][-]{subsubsection.4.14.4.1}{\376\377\0004\000.\0001\0004\000.\0004\000.\0001\000\040\000R\000e\000n\000d\000e\000r\000i\000n\000g\000\137\000H\000a\000n\000d\000l\000e\000r}{subsection.4.14.4}% 272
\BOOKMARK [1][-]{section.4.15}{\376\377\0004\000.\0001\0005\000\040\000R\000e\000n\000d\000e\000r\000i\000n\000g\000/\000W\000i\000n\000d\000o\000w\000-\000M\000a\000n\000a\000g\000e\000m\000e\000n\000t\000.\000c\000p\000p\000\040\000F\000i\000l\000e\000\040\000R\000e\000f\000e\000r\000e\000n\000c\000e}{chapter.4}% 273
\BOOKMARK [2][-]{subsection.4.15.1}{\376\377\0004\000.\0001\0005\000.\0001\000\040\000M\000a\000c\000r\000o\000\040\000D\000e\000f\000i\000n\000i\000t\000i\000o\000n\000\040\000D\000o\000c\000u\000m\000e\000n\000t\000a\000t\000i\000o\000n}{section.4.15}% 274
\BOOKMARK [3][-]{subsubsection.4.15.1.1}{\376\377\0004\000.\0001\0005\000.\0001\000.\0001\000\040\000C\000A\000M\000\137\000S\000P\000E\000E\000D}{subsection.4.15.1}% 275
\BOOKMARK [2][-]{subsection.4.15.2}{\376\377\0004\000.\0001\0005\000.\0002\000\040\000F\000u\000n\000c\000t\000i\000o\000n\000\040\000D\000o\000c\000u\000m\000e\000n\000t\000a\000t\000i\000o\000n}{section.4.15}% 276
\BOOKMARK [3][-]{subsubsection.4.15.2.1}{\376\377\0004\000.\0001\0005\000.\0002\000.\0001\000\040\000c\000a\000l\000l\000B\000a\000c\000k\000I\000n\000i\000t\000\050\000\051}{subsection.4.15.2}% 277
\BOOKMARK [3][-]{subsubsection.4.15.2.2}{\376\377\0004\000.\0001\0005\000.\0002\000.\0002\000\040\000c\000r\000e\000a\000t\000e\000\137\000c\000o\000n\000t\000e\000x\000t\000\050\000\051}{subsection.4.15.2}% 278
\BOOKMARK [3][-]{subsubsection.4.15.2.3}{\376\377\0004\000.\0001\0005\000.\0002\000.\0003\000\040\000c\000r\000e\000a\000t\000e\000W\000i\000n\000d\000o\000w\000\050\000\051}{subsection.4.15.2}% 279
\BOOKMARK [3][-]{subsubsection.4.15.2.4}{\376\377\0004\000.\0001\0005\000.\0002\000.\0004\000\040\000c\000u\000r\000s\000o\000r\000\137\000p\000o\000s\000\137\000c\000a\000l\000l\000b\000a\000c\000k\000\050\000\051}{subsection.4.15.2}% 280
\BOOKMARK [3][-]{subsubsection.4.15.2.5}{\376\377\0004\000.\0001\0005\000.\0002\000.\0005\000\040\000c\000u\000r\000s\000o\000r\000S\000e\000l\000e\000c\000t\000N\000o\000d\000e\000\050\000\051}{subsection.4.15.2}% 281
\BOOKMARK [3][-]{subsubsection.4.15.2.6}{\376\377\0004\000.\0001\0005\000.\0002\000.\0006\000\040\000e\000r\000r\000o\000r\000\137\000c\000a\000l\000l\000b\000a\000c\000k\000\050\000\051}{subsection.4.15.2}% 282
\BOOKMARK [3][-]{subsubsection.4.15.2.7}{\376\377\0004\000.\0001\0005\000.\0002\000.\0007\000\040\000k\000e\000y\000\137\000c\000a\000l\000l\000b\000a\000c\000k\000\050\000\051}{subsection.4.15.2}% 283
\BOOKMARK [3][-]{subsubsection.4.15.2.8}{\376\377\0004\000.\0001\0005\000.\0002\000.\0008\000\040\000m\000o\000u\000s\000e\000\137\000b\000u\000t\000t\000o\000n\000\137\000c\000a\000l\000l\000b\000a\000c\000k\000\050\000\051}{subsection.4.15.2}% 284
\BOOKMARK [3][-]{subsubsection.4.15.2.9}{\376\377\0004\000.\0001\0005\000.\0002\000.\0009\000\040\000o\000p\000e\000n\000G\000L\000e\000r\000r\000o\000r\000\050\000\051}{subsection.4.15.2}% 285
\BOOKMARK [1][-]{section.4.16}{\376\377\0004\000.\0001\0006\000\040\000R\000e\000n\000d\000e\000r\000i\000n\000g\000/\000W\000i\000n\000d\000o\000w\000-\000M\000a\000n\000a\000g\000e\000m\000e\000n\000t\000.\000h\000p\000p\000\040\000F\000i\000l\000e\000\040\000R\000e\000f\000e\000r\000e\000n\000c\000e}{chapter.4}% 286
\BOOKMARK [2][-]{subsection.4.16.1}{\376\377\0004\000.\0001\0006\000.\0001\000\040\000F\000u\000n\000c\000t\000i\000o\000n\000\040\000D\000o\000c\000u\000m\000e\000n\000t\000a\000t\000i\000o\000n}{section.4.16}% 287
\BOOKMARK [3][-]{subsubsection.4.16.1.1}{\376\377\0004\000.\0001\0006\000.\0001\000.\0001\000\040\000c\000a\000l\000c\000u\000l\000a\000t\000e\000F\000P\000S\000\050\000\051}{subsection.4.16.1}% 288
\BOOKMARK [3][-]{subsubsection.4.16.1.2}{\376\377\0004\000.\0001\0006\000.\0001\000.\0002\000\040\000c\000a\000l\000l\000B\000a\000c\000k\000I\000n\000i\000t\000\050\000\051}{subsection.4.16.1}% 289
\BOOKMARK [3][-]{subsubsection.4.16.1.3}{\376\377\0004\000.\0001\0006\000.\0001\000.\0003\000\040\000c\000r\000e\000a\000t\000e\000\137\000c\000o\000n\000t\000e\000x\000t\000\050\000\051}{subsection.4.16.1}% 290
\BOOKMARK [3][-]{subsubsection.4.16.1.4}{\376\377\0004\000.\0001\0006\000.\0001\000.\0004\000\040\000c\000r\000e\000a\000t\000e\000W\000i\000n\000d\000o\000w\000\050\000\051}{subsection.4.16.1}% 291
\BOOKMARK [3][-]{subsubsection.4.16.1.5}{\376\377\0004\000.\0001\0006\000.\0001\000.\0005\000\040\000c\000u\000r\000s\000o\000r\000\137\000p\000o\000s\000\137\000c\000a\000l\000l\000b\000a\000c\000k\000\050\000\051}{subsection.4.16.1}% 292
\BOOKMARK [3][-]{subsubsection.4.16.1.6}{\376\377\0004\000.\0001\0006\000.\0001\000.\0006\000\040\000e\000r\000r\000o\000r\000\137\000c\000a\000l\000l\000b\000a\000c\000k\000\050\000\051}{subsection.4.16.1}% 293
\BOOKMARK [3][-]{subsubsection.4.16.1.7}{\376\377\0004\000.\0001\0006\000.\0001\000.\0007\000\040\000k\000e\000y\000\137\000c\000a\000l\000l\000b\000a\000c\000k\000\050\000\051}{subsection.4.16.1}% 294
\BOOKMARK [3][-]{subsubsection.4.16.1.8}{\376\377\0004\000.\0001\0006\000.\0001\000.\0008\000\040\000m\000o\000u\000s\000e\000\137\000b\000u\000t\000t\000o\000n\000\137\000c\000a\000l\000l\000b\000a\000c\000k\000\050\000\051}{subsection.4.16.1}% 295
\BOOKMARK [1][-]{section.4.17}{\376\377\0004\000.\0001\0007\000\040\000W\000o\000r\000l\000d\000.\000c\000p\000p\000\040\000F\000i\000l\000e\000\040\000R\000e\000f\000e\000r\000e\000n\000c\000e}{chapter.4}% 296
\BOOKMARK [2][-]{subsection.4.17.1}{\376\377\0004\000.\0001\0007\000.\0001\000\040\000M\000a\000c\000r\000o\000\040\000D\000e\000f\000i\000n\000i\000t\000i\000o\000n\000\040\000D\000o\000c\000u\000m\000e\000n\000t\000a\000t\000i\000o\000n}{section.4.17}% 297
\BOOKMARK [3][-]{subsubsection.4.17.1.1}{\376\377\0004\000.\0001\0007\000.\0001\000.\0001\000\040\000M\000E\000S\000H}{subsection.4.17.1}% 298
\BOOKMARK [2][-]{subsection.4.17.2}{\376\377\0004\000.\0001\0007\000.\0002\000\040\000V\000a\000r\000i\000a\000b\000l\000e\000\040\000D\000o\000c\000u\000m\000e\000n\000t\000a\000t\000i\000o\000n}{section.4.17}% 299
\BOOKMARK [3][-]{subsubsection.4.17.2.1}{\376\377\0004\000.\0001\0007\000.\0002\000.\0001\000\040\000t\000h\000e\000\137\000w\000o\000r\000l\000d}{subsection.4.17.2}% 300
\BOOKMARK [1][-]{section.4.18}{\376\377\0004\000.\0001\0008\000\040\000W\000o\000r\000l\000d\000.\000h\000p\000p\000\040\000F\000i\000l\000e\000\040\000R\000e\000f\000e\000r\000e\000n\000c\000e}{chapter.4}% 301
\BOOKMARK [2][-]{subsection.4.18.1}{\376\377\0004\000.\0001\0008\000.\0001\000\040\000M\000a\000c\000r\000o\000\040\000D\000e\000f\000i\000n\000i\000t\000i\000o\000n\000\040\000D\000o\000c\000u\000m\000e\000n\000t\000a\000t\000i\000o\000n}{section.4.18}% 302
\BOOKMARK [3][-]{subsubsection.4.18.1.1}{\376\377\0004\000.\0001\0008\000.\0001\000.\0001\000\040\000C\000H\000U\000N\000K\000\137\000D\000I\000M\000S}{subsection.4.18.1}% 303
\BOOKMARK [2][-]{subsection.4.18.2}{\376\377\0004\000.\0001\0008\000.\0002\000\040\000V\000a\000r\000i\000a\000b\000l\000e\000\040\000D\000o\000c\000u\000m\000e\000n\000t\000a\000t\000i\000o\000n}{section.4.18}% 304
\BOOKMARK [3][-]{subsubsection.4.18.2.1}{\376\377\0004\000.\0001\0008\000.\0002\000.\0001\000\040\000t\000h\000e\000\137\000w\000o\000r\000l\000d}{subsection.4.18.2}% 305
\BOOKMARK [0][-]{section*.62}{\376\377\000I\000n\000d\000e\000x}{}% 306
